00:27:29 **** Build of configuration Debug for project LEDs_App_7 ****
make all 
Building file: ../DIO_program.c
Invoking: AVR Compiler
avr-gcc -Wall -g2 -gstabs -O0 -fpack-struct -fshort-enums -ffunction-sections -fdata-sections -std=gnu99 -funsigned-char -funsigned-bitfields -mmcu=atmega32 -DF_CPU=8000000UL -MMD -MP -MF"DIO_program.d" -MT"DIO_program.o" -c -o "DIO_program.o" "../DIO_program.c"
Finished building: ../DIO_program.c
 
Building file: ../LED_program.c
Invoking: AVR Compiler
avr-gcc -Wall -g2 -gstabs -O0 -fpack-struct -fshort-enums -ffunction-sections -fdata-sections -std=gnu99 -funsigned-char -funsigned-bitfields -mmcu=atmega32 -DF_CPU=8000000UL -MMD -MP -MF"LED_program.d" -MT"LED_program.o" -c -o "LED_program.o" "../LED_program.c"
Finished building: ../LED_program.c
 
Building file: ../main.c
Invoking: AVR Compiler
avr-gcc -Wall -g2 -gstabs -O0 -fpack-struct -fshort-enums -ffunction-sections -fdata-sections -std=gnu99 -funsigned-char -funsigned-bitfields -mmcu=atmega32 -DF_CPU=8000000UL -MMD -MP -MF"main.d" -MT"main.o" -c -o "main.o" "../main.c"
In file included from ../main.c:13:
e:/courses/embedded_systems/embedded system_kareem/online/embedded system/04- tools/03- imt sdk/imt_sdk_win_64/winavr/lib/gcc/../../avr/include/util/delay.h:90:3: warning: #warning "Compiler optimizations disabled; functions from <util/delay.h> won't work as designed"
Finished building: ../main.c
 
Building target: LEDs_App_7.elf
Invoking: AVR C Linker
avr-gcc -Wl,-Map,LEDs_App_7.map -mmcu=atmega32 -o "LEDs_App_7.elf"  ./DIO_program.o ./LED_program.o ./main.o   
Finished building target: LEDs_App_7.elf
 
Invoking: AVR Create Extended Listing
avr-objdump -h -S LEDs_App_7.elf  >"LEDs_App_7.lss"
Finished building: LEDs_App_7.lss
 
Invoking: Print Size
avr-size --format=avr --mcu=atmega32 LEDs_App_7.elf
AVR Memory Usage
----------------
Device: atmega32

Program:    8020 bytes (24.5% Full)
(.text + .data + .bootloader)

Data:         32 bytes (1.6% Full)
(.data + .bss + .noinit)


Finished building: sizedummy
 

00:27:32 Build Finished (took 2s.173ms)

